xxxxxxxxxxxxx DvS debug xxxxxxxxxxxxx
Path is:       /homes/chemie/cingoez/.local/bin:/homes/chemie/cingoez/bin:/afs/math/software/openmpi/gcc/openmpi-2.1.1/bin:/afs/math/software/pgi/19.7/linux86-64-llvm/19.7/bin:/afs/math/software/intel/Composer_XE/2020.1.217/compilers_and_libraries_2020.1.217/linux/bin/intel64:/afs/math/software/intel/Composer_XE/2020.1.217/compilers_and_libraries_2020.1.217/linux/bin:/afs/math/software/intel/Composer_XE/2020.1.217/compilers_and_libraries_2020.1.217/linux/mpi/intel64/libfabric/bin:/afs/math/software/intel/Composer_XE/2020.1.217/compilers_and_libraries_2020.1.217/linux/mpi/intel64/bin:/afs/math/software/intel/Composer_XE/2020.1.217/debugger_2020/gdb/intel64/bin:/usr/share/Modules/bin:/usr/condabin:/usr/local/bin:/usr/bin:/usr/local/sbin:/usr/sbin
LdPath is:     /afs/math/software/openmpi/gcc/openmpi-2.1.1/lib64:/afs/math/software/pgi/19.7/linux86-64-llvm/19.7/lib:/afs/math/software/pgi/19.7/linux86-64-llvm/19.7/libso:/afs/math/software/intel/Composer_XE/2020.1.217/compilers_and_libraries_2020.1.217/linux/mpi/intel64/libfabric/lib:/afs/math/software/intel/Composer_XE/2020.1.217/compilers_and_libraries_2020.1.217/linux/mpi/intel64/lib/release:/afs/math/software/intel/Composer_XE/2020.1.217/compilers_and_libraries_2020.1.217/linux/mpi/intel64/lib:/afs/math/software/intel/Composer_XE/2020.1.217/compilers_and_libraries_2020.1.217/linux/ipp/lib/intel64:/afs/math/software/intel/Composer_XE/2020.1.217/compilers_and_libraries_2020.1.217/linux/compiler/lib/intel64_lin:/afs/math/software/intel/Composer_XE/2020.1.217/compilers_and_libraries_2020.1.217/linux/mkl/lib/intel64_lin:/afs/math/software/intel/Composer_XE/2020.1.217/compilers_and_libraries_2020.1.217/linux/tbb/lib/intel64/gcc4.8:/afs/math/software/intel/Composer_XE/2020.1.217/debugger_2020/python/intel64/lib:/afs/math/software/intel/Composer_XE/2020.1.217/debugger_2020/libipt/intel64/lib:/afs/math/software/intel/Composer_XE/2020.1.217/compilers_and_libraries_2020.1.217/linux/daal/lib/intel64_lin:/afs/math/software/intel/Composer_XE/2020.1.217/compilers_and_libraries_2020.1.217/linux/daal/../tbb/lib/intel64_lin/gcc4.4:/afs/math/software/intel/Composer_XE/2020.1.217/compilers_and_libraries_2020.1.217/linux/daal/../tbb/lib/intel64_lin/gcc4.8
tempDIR is:    /scratch/cingoez/1551399
JobworkDIR is: /work/cingoez/cgui
JobDIR is:     /work/cingoez/cgui
ScratchDIR is: /scratch/cingoez/1551399
Master:        node865
Slots:         1
xxxxxxxxxxxxx DvS debug xxxxxxxxxxxxx

 copy all except sahin_21052024.out file to /scratch/cingoez/1551399! 

'/work/cingoez/cgui/4pti.cif' -> '/scratch/cingoez/1551399/4pti.cif'
'/work/cingoez/cgui/4pti_proa.crd' -> '/scratch/cingoez/1551399/4pti_proa.crd'
'/work/cingoez/cgui/4pti_proa.pdb' -> '/scratch/cingoez/1551399/4pti_proa.pdb'
'/work/cingoez/cgui/4pti_wata.crd' -> '/scratch/cingoez/1551399/4pti_wata.crd'
'/work/cingoez/cgui/4pti_wata.pdb' -> '/scratch/cingoez/1551399/4pti_wata.pdb'
'/work/cingoez/cgui/addCrystPdb.py' -> '/scratch/cingoez/1551399/addCrystPdb.py'
'/work/cingoez/cgui/checkfft.py' -> '/scratch/cingoez/1551399/checkfft.py'
'/work/cingoez/cgui/checkfft.str' -> '/scratch/cingoez/1551399/checkfft.str'
'/work/cingoez/cgui/crystal_image.str' -> '/scratch/cingoez/1551399/crystal_image.str'
'/work/cingoez/cgui/glycan.yml' -> '/scratch/cingoez/1551399/glycan.yml'
'/work/cingoez/cgui/opt1551399.err' -> '/scratch/cingoez/1551399/opt1551399.err'
'/work/cingoez/cgui/sahin_21052024.sh' -> '/scratch/cingoez/1551399/sahin_21052024.sh'
'/work/cingoez/cgui/step1_pdbreader.crd' -> '/scratch/cingoez/1551399/step1_pdbreader.crd'
'/work/cingoez/cgui/step1_pdbreader.inp' -> '/scratch/cingoez/1551399/step1_pdbreader.inp'
'/work/cingoez/cgui/step1_pdbreader.out' -> '/scratch/cingoez/1551399/step1_pdbreader.out'
'/work/cingoez/cgui/step1_pdbreader.pdb' -> '/scratch/cingoez/1551399/step1_pdbreader.pdb'
'/work/cingoez/cgui/step1_pdbreader.psf' -> '/scratch/cingoez/1551399/step1_pdbreader.psf'
'/work/cingoez/cgui/step1_pdbreader.str' -> '/scratch/cingoez/1551399/step1_pdbreader.str'
'/work/cingoez/cgui/step2.1_waterbox.crd' -> '/scratch/cingoez/1551399/step2.1_waterbox.crd'
'/work/cingoez/cgui/step2.1_waterbox.inp' -> '/scratch/cingoez/1551399/step2.1_waterbox.inp'
'/work/cingoez/cgui/step2.1_waterbox.out' -> '/scratch/cingoez/1551399/step2.1_waterbox.out'
'/work/cingoez/cgui/step2.1_waterbox.pdb' -> '/scratch/cingoez/1551399/step2.1_waterbox.pdb'
'/work/cingoez/cgui/step2.1_waterbox.prm' -> '/scratch/cingoez/1551399/step2.1_waterbox.prm'
'/work/cingoez/cgui/step2.1_waterbox.str' -> '/scratch/cingoez/1551399/step2.1_waterbox.str'
'/work/cingoez/cgui/step2_solvator.crd' -> '/scratch/cingoez/1551399/step2_solvator.crd'
'/work/cingoez/cgui/step2_solvator.inp' -> '/scratch/cingoez/1551399/step2_solvator.inp'
'/work/cingoez/cgui/step2_solvator.out' -> '/scratch/cingoez/1551399/step2_solvator.out'
'/work/cingoez/cgui/step2_solvator.pdb' -> '/scratch/cingoez/1551399/step2_solvator.pdb'
'/work/cingoez/cgui/step2_solvator.psf' -> '/scratch/cingoez/1551399/step2_solvator.psf'
'/work/cingoez/cgui/step2_solvator.str' -> '/scratch/cingoez/1551399/step2_solvator.str'
'/work/cingoez/cgui/step3_pbcsetup.crd' -> '/scratch/cingoez/1551399/step3_pbcsetup.crd'
'/work/cingoez/cgui/step3_pbcsetup.inp' -> '/scratch/cingoez/1551399/step3_pbcsetup.inp'
'/work/cingoez/cgui/step3_pbcsetup.oldpsf' -> '/scratch/cingoez/1551399/step3_pbcsetup.oldpsf'
'/work/cingoez/cgui/step3_pbcsetup.out' -> '/scratch/cingoez/1551399/step3_pbcsetup.out'
'/work/cingoez/cgui/step3_pbcsetup.pdb' -> '/scratch/cingoez/1551399/step3_pbcsetup.pdb'
'/work/cingoez/cgui/step3_pbcsetup.psf' -> '/scratch/cingoez/1551399/step3_pbcsetup.psf'
'/work/cingoez/cgui/step3_pbcsetup.str' -> '/scratch/cingoez/1551399/step3_pbcsetup.str'
'/work/cingoez/cgui/step4_equilibration.inp' -> '/scratch/cingoez/1551399/step4_equilibration.inp'
'/work/cingoez/cgui/step5_production.inp' -> '/scratch/cingoez/1551399/step5_production.inp'
'/work/cingoez/cgui/toppar' -> '/scratch/cingoez/1551399/toppar'
'/work/cingoez/cgui/toppar/par_all36_lipid.prm' -> '/scratch/cingoez/1551399/toppar/par_all36_lipid.prm'
'/work/cingoez/cgui/toppar/toppar_all36_lipid_cardiolipin.str' -> '/scratch/cingoez/1551399/toppar/toppar_all36_lipid_cardiolipin.str'
'/work/cingoez/cgui/toppar/toppar_ions_won.str' -> '/scratch/cingoez/1551399/toppar/toppar_ions_won.str'
'/work/cingoez/cgui/toppar/toppar_all36_lipid_mycobacterial.str' -> '/scratch/cingoez/1551399/toppar/toppar_all36_lipid_mycobacterial.str'
'/work/cingoez/cgui/toppar/toppar_all36_label_spin.str' -> '/scratch/cingoez/1551399/toppar/toppar_all36_label_spin.str'
'/work/cingoez/cgui/toppar/par_all36_cgenff.prm' -> '/scratch/cingoez/1551399/toppar/par_all36_cgenff.prm'
'/work/cingoez/cgui/toppar/top_all36_lipid.rtf' -> '/scratch/cingoez/1551399/toppar/top_all36_lipid.rtf'
'/work/cingoez/cgui/toppar/toppar_all36_prot_retinol.str' -> '/scratch/cingoez/1551399/toppar/toppar_all36_prot_retinol.str'
'/work/cingoez/cgui/toppar/toppar_all36_lipid_dag.str' -> '/scratch/cingoez/1551399/toppar/toppar_all36_lipid_dag.str'
'/work/cingoez/cgui/toppar/toppar_all36_carb_imlab.str' -> '/scratch/cingoez/1551399/toppar/toppar_all36_carb_imlab.str'
'/work/cingoez/cgui/toppar/toppar_all36_prot_c36m_d_aminoacids.str' -> '/scratch/cingoez/1551399/toppar/toppar_all36_prot_c36m_d_aminoacids.str'
'/work/cingoez/cgui/toppar/top_all36_na.rtf' -> '/scratch/cingoez/1551399/toppar/top_all36_na.rtf'
'/work/cingoez/cgui/toppar/toppar_all36_prot_model.str' -> '/scratch/cingoez/1551399/toppar/toppar_all36_prot_model.str'
'/work/cingoez/cgui/toppar/toppar_all36_lipid_lnp.str' -> '/scratch/cingoez/1551399/toppar/toppar_all36_lipid_lnp.str'
'/work/cingoez/cgui/toppar/toppar_all36_lipid_ether.str' -> '/scratch/cingoez/1551399/toppar/toppar_all36_lipid_ether.str'
'/work/cingoez/cgui/toppar/cam.str' -> '/scratch/cingoez/1551399/toppar/cam.str'
'/work/cingoez/cgui/toppar/toppar_all36_nano_lig.str' -> '/scratch/cingoez/1551399/toppar/toppar_all36_nano_lig.str'
'/work/cingoez/cgui/toppar/toppar_all36_lipid_lps.str' -> '/scratch/cingoez/1551399/toppar/toppar_all36_lipid_lps.str'
'/work/cingoez/cgui/toppar/toppar_water_ions.str' -> '/scratch/cingoez/1551399/toppar/toppar_water_ions.str'
'/work/cingoez/cgui/toppar/toppar_all36_lipid_cholesterol.str' -> '/scratch/cingoez/1551399/toppar/toppar_all36_lipid_cholesterol.str'
'/work/cingoez/cgui/toppar/tip216.crd' -> '/scratch/cingoez/1551399/toppar/tip216.crd'
'/work/cingoez/cgui/toppar/toppar_all36_carb_glycolipid.str' -> '/scratch/cingoez/1551399/toppar/toppar_all36_carb_glycolipid.str'
'/work/cingoez/cgui/toppar/toppar_all36_polymer_solvent.str' -> '/scratch/cingoez/1551399/toppar/toppar_all36_polymer_solvent.str'
'/work/cingoez/cgui/toppar/toppar_all36_lipid_miscellaneous.str' -> '/scratch/cingoez/1551399/toppar/toppar_all36_lipid_miscellaneous.str'
'/work/cingoez/cgui/toppar/toppar_all36_lipid_detergent.str' -> '/scratch/cingoez/1551399/toppar/toppar_all36_lipid_detergent.str'
'/work/cingoez/cgui/toppar/toppar_all36_lipid_yeast.str' -> '/scratch/cingoez/1551399/toppar/toppar_all36_lipid_yeast.str'
'/work/cingoez/cgui/toppar/toppar_all36_lipid_oxidized.str' -> '/scratch/cingoez/1551399/toppar/toppar_all36_lipid_oxidized.str'
'/work/cingoez/cgui/toppar/toppar_all36_lipid_model.str' -> '/scratch/cingoez/1551399/toppar/toppar_all36_lipid_model.str'
'/work/cingoez/cgui/toppar/toppar_all36_lipid_inositol.str' -> '/scratch/cingoez/1551399/toppar/toppar_all36_lipid_inositol.str'
'/work/cingoez/cgui/toppar/par_all36_na.prm' -> '/scratch/cingoez/1551399/toppar/par_all36_na.prm'
'/work/cingoez/cgui/toppar/toppar_all36_nano_lig_patch.str' -> '/scratch/cingoez/1551399/toppar/toppar_all36_nano_lig_patch.str'
'/work/cingoez/cgui/toppar/toppar_all36_prot_arg0.str' -> '/scratch/cingoez/1551399/toppar/toppar_all36_prot_arg0.str'
'/work/cingoez/cgui/toppar/top_all36_carb.rtf' -> '/scratch/cingoez/1551399/toppar/top_all36_carb.rtf'
'/work/cingoez/cgui/toppar/toppar_all36_lipid_hmmm.str' -> '/scratch/cingoez/1551399/toppar/toppar_all36_lipid_hmmm.str'
'/work/cingoez/cgui/toppar/toppar_all36_prot_heme.str' -> '/scratch/cingoez/1551399/toppar/toppar_all36_prot_heme.str'
'/work/cingoez/cgui/toppar/toppar_all36_prot_fluoro_alkanes.str' -> '/scratch/cingoez/1551399/toppar/toppar_all36_prot_fluoro_alkanes.str'
'/work/cingoez/cgui/toppar/toppar_all36_lipid_bacterial.str' -> '/scratch/cingoez/1551399/toppar/toppar_all36_lipid_bacterial.str'
'/work/cingoez/cgui/toppar/toppar_all36_lipid_prot.str' -> '/scratch/cingoez/1551399/toppar/toppar_all36_lipid_prot.str'
'/work/cingoez/cgui/toppar/par_all36_carb.prm' -> '/scratch/cingoez/1551399/toppar/par_all36_carb.prm'
'/work/cingoez/cgui/toppar/toppar_all36_prot_modify_res.str' -> '/scratch/cingoez/1551399/toppar/toppar_all36_prot_modify_res.str'
'/work/cingoez/cgui/toppar/par_interface.prm' -> '/scratch/cingoez/1551399/toppar/par_interface.prm'
'/work/cingoez/cgui/toppar/toppar_all36_synthetic_polymer_patch.str' -> '/scratch/cingoez/1551399/toppar/toppar_all36_synthetic_polymer_patch.str'
'/work/cingoez/cgui/toppar/toppar_all36_na_nad_ppi.str' -> '/scratch/cingoez/1551399/toppar/toppar_all36_na_nad_ppi.str'
'/work/cingoez/cgui/toppar/toppar_all36_synthetic_polymer.str' -> '/scratch/cingoez/1551399/toppar/toppar_all36_synthetic_polymer.str'
'/work/cingoez/cgui/toppar/toppar_all36_na_rna_modified.str' -> '/scratch/cingoez/1551399/toppar/toppar_all36_na_rna_modified.str'
'/work/cingoez/cgui/toppar/toppar_all36_lipid_archaeal.str' -> '/scratch/cingoez/1551399/toppar/toppar_all36_lipid_archaeal.str'
'/work/cingoez/cgui/toppar/toppar_all36_lipid_tag.str' -> '/scratch/cingoez/1551399/toppar/toppar_all36_lipid_tag.str'
'/work/cingoez/cgui/toppar/top_interface.rtf' -> '/scratch/cingoez/1551399/toppar/top_interface.rtf'
'/work/cingoez/cgui/toppar/top_all36_cgenff.rtf' -> '/scratch/cingoez/1551399/toppar/top_all36_cgenff.rtf'
'/work/cingoez/cgui/toppar/toppar_all36_carb_glycopeptide.str' -> '/scratch/cingoez/1551399/toppar/toppar_all36_carb_glycopeptide.str'
'/work/cingoez/cgui/toppar/toppar_all36_label_fluorophore.str' -> '/scratch/cingoez/1551399/toppar/toppar_all36_label_fluorophore.str'
'/work/cingoez/cgui/toppar/toppar_dum_noble_gases.str' -> '/scratch/cingoez/1551399/toppar/toppar_dum_noble_gases.str'
'/work/cingoez/cgui/toppar/toppar_all36_lipid_sphingo.str' -> '/scratch/cingoez/1551399/toppar/toppar_all36_lipid_sphingo.str'
'/work/cingoez/cgui/toppar/top_all36_prot.rtf' -> '/scratch/cingoez/1551399/toppar/top_all36_prot.rtf'
'/work/cingoez/cgui/toppar/toppar_all36_moreions.str' -> '/scratch/cingoez/1551399/toppar/toppar_all36_moreions.str'
'/work/cingoez/cgui/toppar/toppar_all36_prot_na_combined.str' -> '/scratch/cingoez/1551399/toppar/toppar_all36_prot_na_combined.str'
'/work/cingoez/cgui/toppar/par_all36m_prot.prm' -> '/scratch/cingoez/1551399/toppar/par_all36m_prot.prm'
'/work/cingoez/cgui/toppar.str' -> '/scratch/cingoez/1551399/toppar.str'
'/work/cingoez/cgui/water_tmp.crd' -> '/scratch/cingoez/1551399/water_tmp.crd'

 starting cleanup procedure!

'/scratch/cingoez/1551399/4pti.cif' -> '/work/cingoez/cgui/4pti.cif'
'/scratch/cingoez/1551399/4pti_proa.crd' -> '/work/cingoez/cgui/4pti_proa.crd'
'/scratch/cingoez/1551399/4pti_proa.pdb' -> '/work/cingoez/cgui/4pti_proa.pdb'
'/scratch/cingoez/1551399/4pti_wata.crd' -> '/work/cingoez/cgui/4pti_wata.crd'
'/scratch/cingoez/1551399/4pti_wata.pdb' -> '/work/cingoez/cgui/4pti_wata.pdb'
'/scratch/cingoez/1551399/addCrystPdb.py' -> '/work/cingoez/cgui/addCrystPdb.py'
'/scratch/cingoez/1551399/checkfft.py' -> '/work/cingoez/cgui/checkfft.py'
'/scratch/cingoez/1551399/checkfft.str' -> '/work/cingoez/cgui/checkfft.str'
'/scratch/cingoez/1551399/crystal_image.str' -> '/work/cingoez/cgui/crystal_image.str'
'/scratch/cingoez/1551399/glycan.yml' -> '/work/cingoez/cgui/glycan.yml'
'/scratch/cingoez/1551399/machines' -> '/work/cingoez/cgui/machines'
'/scratch/cingoez/1551399/machines2' -> '/work/cingoez/cgui/machines2'
'/scratch/cingoez/1551399/machines3' -> '/work/cingoez/cgui/machines3'
'/scratch/cingoez/1551399/opt1551399.err' -> '/work/cingoez/cgui/opt1551399.err'
'/scratch/cingoez/1551399/sahin_21052024.sh' -> '/work/cingoez/cgui/sahin_21052024.sh'
'/scratch/cingoez/1551399/step1_pdbreader.crd' -> '/work/cingoez/cgui/step1_pdbreader.crd'
'/scratch/cingoez/1551399/step1_pdbreader.inp' -> '/work/cingoez/cgui/step1_pdbreader.inp'
'/scratch/cingoez/1551399/step1_pdbreader.out' -> '/work/cingoez/cgui/step1_pdbreader.out'
'/scratch/cingoez/1551399/step1_pdbreader.pdb' -> '/work/cingoez/cgui/step1_pdbreader.pdb'
'/scratch/cingoez/1551399/step1_pdbreader.psf' -> '/work/cingoez/cgui/step1_pdbreader.psf'
'/scratch/cingoez/1551399/step1_pdbreader.str' -> '/work/cingoez/cgui/step1_pdbreader.str'
'/scratch/cingoez/1551399/step2.1_waterbox.crd' -> '/work/cingoez/cgui/step2.1_waterbox.crd'
'/scratch/cingoez/1551399/step2.1_waterbox.inp' -> '/work/cingoez/cgui/step2.1_waterbox.inp'
'/scratch/cingoez/1551399/step2.1_waterbox.out' -> '/work/cingoez/cgui/step2.1_waterbox.out'
'/scratch/cingoez/1551399/step2.1_waterbox.pdb' -> '/work/cingoez/cgui/step2.1_waterbox.pdb'
'/scratch/cingoez/1551399/step2.1_waterbox.prm' -> '/work/cingoez/cgui/step2.1_waterbox.prm'
'/scratch/cingoez/1551399/step2.1_waterbox.str' -> '/work/cingoez/cgui/step2.1_waterbox.str'
'/scratch/cingoez/1551399/step2_solvator.crd' -> '/work/cingoez/cgui/step2_solvator.crd'
'/scratch/cingoez/1551399/step2_solvator.inp' -> '/work/cingoez/cgui/step2_solvator.inp'
'/scratch/cingoez/1551399/step2_solvator.out' -> '/work/cingoez/cgui/step2_solvator.out'
'/scratch/cingoez/1551399/step2_solvator.pdb' -> '/work/cingoez/cgui/step2_solvator.pdb'
'/scratch/cingoez/1551399/step2_solvator.psf' -> '/work/cingoez/cgui/step2_solvator.psf'
'/scratch/cingoez/1551399/step2_solvator.str' -> '/work/cingoez/cgui/step2_solvator.str'
'/scratch/cingoez/1551399/step3_pbcsetup.crd' -> '/work/cingoez/cgui/step3_pbcsetup.crd'
'/scratch/cingoez/1551399/step3_pbcsetup.inp' -> '/work/cingoez/cgui/step3_pbcsetup.inp'
'/scratch/cingoez/1551399/step3_pbcsetup.oldpsf' -> '/work/cingoez/cgui/step3_pbcsetup.oldpsf'
'/scratch/cingoez/1551399/step3_pbcsetup.out' -> '/work/cingoez/cgui/step3_pbcsetup.out'
'/scratch/cingoez/1551399/step3_pbcsetup.pdb' -> '/work/cingoez/cgui/step3_pbcsetup.pdb'
'/scratch/cingoez/1551399/step3_pbcsetup.psf' -> '/work/cingoez/cgui/step3_pbcsetup.psf'
'/scratch/cingoez/1551399/step3_pbcsetup.str' -> '/work/cingoez/cgui/step3_pbcsetup.str'
'/scratch/cingoez/1551399/step4_equilibration.crd' -> '/work/cingoez/cgui/step4_equilibration.crd'
'/scratch/cingoez/1551399/step4_equilibration.inp' -> '/work/cingoez/cgui/step4_equilibration.inp'
'/scratch/cingoez/1551399/step4_equilibration.logfile' -> '/work/cingoez/cgui/step4_equilibration.logfile'
'/scratch/cingoez/1551399/step4_equilibration.pdb' -> '/work/cingoez/cgui/step4_equilibration.pdb'
'/scratch/cingoez/1551399/step4_equilibration.rst' -> '/work/cingoez/cgui/step4_equilibration.rst'
'/scratch/cingoez/1551399/step5_production.inp' -> '/work/cingoez/cgui/step5_production.inp'
'/scratch/cingoez/1551399/toppar/par_all36_lipid.prm' -> '/work/cingoez/cgui/toppar/par_all36_lipid.prm'
'/scratch/cingoez/1551399/toppar/toppar_all36_lipid_cardiolipin.str' -> '/work/cingoez/cgui/toppar/toppar_all36_lipid_cardiolipin.str'
'/scratch/cingoez/1551399/toppar/toppar_ions_won.str' -> '/work/cingoez/cgui/toppar/toppar_ions_won.str'
'/scratch/cingoez/1551399/toppar/toppar_all36_lipid_mycobacterial.str' -> '/work/cingoez/cgui/toppar/toppar_all36_lipid_mycobacterial.str'
'/scratch/cingoez/1551399/toppar/toppar_all36_label_spin.str' -> '/work/cingoez/cgui/toppar/toppar_all36_label_spin.str'
'/scratch/cingoez/1551399/toppar/par_all36_cgenff.prm' -> '/work/cingoez/cgui/toppar/par_all36_cgenff.prm'
'/scratch/cingoez/1551399/toppar/top_all36_lipid.rtf' -> '/work/cingoez/cgui/toppar/top_all36_lipid.rtf'
'/scratch/cingoez/1551399/toppar/toppar_all36_prot_retinol.str' -> '/work/cingoez/cgui/toppar/toppar_all36_prot_retinol.str'
'/scratch/cingoez/1551399/toppar/toppar_all36_lipid_dag.str' -> '/work/cingoez/cgui/toppar/toppar_all36_lipid_dag.str'
'/scratch/cingoez/1551399/toppar/toppar_all36_carb_imlab.str' -> '/work/cingoez/cgui/toppar/toppar_all36_carb_imlab.str'
'/scratch/cingoez/1551399/toppar/toppar_all36_prot_c36m_d_aminoacids.str' -> '/work/cingoez/cgui/toppar/toppar_all36_prot_c36m_d_aminoacids.str'
'/scratch/cingoez/1551399/toppar/top_all36_na.rtf' -> '/work/cingoez/cgui/toppar/top_all36_na.rtf'
'/scratch/cingoez/1551399/toppar/toppar_all36_prot_model.str' -> '/work/cingoez/cgui/toppar/toppar_all36_prot_model.str'
'/scratch/cingoez/1551399/toppar/toppar_all36_lipid_lnp.str' -> '/work/cingoez/cgui/toppar/toppar_all36_lipid_lnp.str'
'/scratch/cingoez/1551399/toppar/toppar_all36_lipid_ether.str' -> '/work/cingoez/cgui/toppar/toppar_all36_lipid_ether.str'
'/scratch/cingoez/1551399/toppar/cam.str' -> '/work/cingoez/cgui/toppar/cam.str'
'/scratch/cingoez/1551399/toppar/toppar_all36_nano_lig.str' -> '/work/cingoez/cgui/toppar/toppar_all36_nano_lig.str'
'/scratch/cingoez/1551399/toppar/toppar_all36_lipid_lps.str' -> '/work/cingoez/cgui/toppar/toppar_all36_lipid_lps.str'
'/scratch/cingoez/1551399/toppar/toppar_water_ions.str' -> '/work/cingoez/cgui/toppar/toppar_water_ions.str'
'/scratch/cingoez/1551399/toppar/toppar_all36_lipid_cholesterol.str' -> '/work/cingoez/cgui/toppar/toppar_all36_lipid_cholesterol.str'
'/scratch/cingoez/1551399/toppar/tip216.crd' -> '/work/cingoez/cgui/toppar/tip216.crd'
'/scratch/cingoez/1551399/toppar/toppar_all36_carb_glycolipid.str' -> '/work/cingoez/cgui/toppar/toppar_all36_carb_glycolipid.str'
'/scratch/cingoez/1551399/toppar/toppar_all36_polymer_solvent.str' -> '/work/cingoez/cgui/toppar/toppar_all36_polymer_solvent.str'
'/scratch/cingoez/1551399/toppar/toppar_all36_lipid_miscellaneous.str' -> '/work/cingoez/cgui/toppar/toppar_all36_lipid_miscellaneous.str'
'/scratch/cingoez/1551399/toppar/toppar_all36_lipid_detergent.str' -> '/work/cingoez/cgui/toppar/toppar_all36_lipid_detergent.str'
'/scratch/cingoez/1551399/toppar/toppar_all36_lipid_yeast.str' -> '/work/cingoez/cgui/toppar/toppar_all36_lipid_yeast.str'
'/scratch/cingoez/1551399/toppar/toppar_all36_lipid_oxidized.str' -> '/work/cingoez/cgui/toppar/toppar_all36_lipid_oxidized.str'
'/scratch/cingoez/1551399/toppar/toppar_all36_lipid_model.str' -> '/work/cingoez/cgui/toppar/toppar_all36_lipid_model.str'
'/scratch/cingoez/1551399/toppar/toppar_all36_lipid_inositol.str' -> '/work/cingoez/cgui/toppar/toppar_all36_lipid_inositol.str'
'/scratch/cingoez/1551399/toppar/par_all36_na.prm' -> '/work/cingoez/cgui/toppar/par_all36_na.prm'
'/scratch/cingoez/1551399/toppar/toppar_all36_nano_lig_patch.str' -> '/work/cingoez/cgui/toppar/toppar_all36_nano_lig_patch.str'
'/scratch/cingoez/1551399/toppar/toppar_all36_prot_arg0.str' -> '/work/cingoez/cgui/toppar/toppar_all36_prot_arg0.str'
'/scratch/cingoez/1551399/toppar/top_all36_carb.rtf' -> '/work/cingoez/cgui/toppar/top_all36_carb.rtf'
'/scratch/cingoez/1551399/toppar/toppar_all36_lipid_hmmm.str' -> '/work/cingoez/cgui/toppar/toppar_all36_lipid_hmmm.str'
'/scratch/cingoez/1551399/toppar/toppar_all36_prot_heme.str' -> '/work/cingoez/cgui/toppar/toppar_all36_prot_heme.str'
'/scratch/cingoez/1551399/toppar/toppar_all36_prot_fluoro_alkanes.str' -> '/work/cingoez/cgui/toppar/toppar_all36_prot_fluoro_alkanes.str'
'/scratch/cingoez/1551399/toppar/toppar_all36_lipid_bacterial.str' -> '/work/cingoez/cgui/toppar/toppar_all36_lipid_bacterial.str'
'/scratch/cingoez/1551399/toppar/toppar_all36_lipid_prot.str' -> '/work/cingoez/cgui/toppar/toppar_all36_lipid_prot.str'
'/scratch/cingoez/1551399/toppar/par_all36_carb.prm' -> '/work/cingoez/cgui/toppar/par_all36_carb.prm'
'/scratch/cingoez/1551399/toppar/toppar_all36_prot_modify_res.str' -> '/work/cingoez/cgui/toppar/toppar_all36_prot_modify_res.str'
'/scratch/cingoez/1551399/toppar/par_interface.prm' -> '/work/cingoez/cgui/toppar/par_interface.prm'
'/scratch/cingoez/1551399/toppar/toppar_all36_synthetic_polymer_patch.str' -> '/work/cingoez/cgui/toppar/toppar_all36_synthetic_polymer_patch.str'
'/scratch/cingoez/1551399/toppar/toppar_all36_na_nad_ppi.str' -> '/work/cingoez/cgui/toppar/toppar_all36_na_nad_ppi.str'
'/scratch/cingoez/1551399/toppar/toppar_all36_synthetic_polymer.str' -> '/work/cingoez/cgui/toppar/toppar_all36_synthetic_polymer.str'
'/scratch/cingoez/1551399/toppar/toppar_all36_na_rna_modified.str' -> '/work/cingoez/cgui/toppar/toppar_all36_na_rna_modified.str'
'/scratch/cingoez/1551399/toppar/toppar_all36_lipid_archaeal.str' -> '/work/cingoez/cgui/toppar/toppar_all36_lipid_archaeal.str'
'/scratch/cingoez/1551399/toppar/toppar_all36_lipid_tag.str' -> '/work/cingoez/cgui/toppar/toppar_all36_lipid_tag.str'
'/scratch/cingoez/1551399/toppar/top_interface.rtf' -> '/work/cingoez/cgui/toppar/top_interface.rtf'
'/scratch/cingoez/1551399/toppar/top_all36_cgenff.rtf' -> '/work/cingoez/cgui/toppar/top_all36_cgenff.rtf'
'/scratch/cingoez/1551399/toppar/toppar_all36_carb_glycopeptide.str' -> '/work/cingoez/cgui/toppar/toppar_all36_carb_glycopeptide.str'
'/scratch/cingoez/1551399/toppar/toppar_all36_label_fluorophore.str' -> '/work/cingoez/cgui/toppar/toppar_all36_label_fluorophore.str'
'/scratch/cingoez/1551399/toppar/toppar_dum_noble_gases.str' -> '/work/cingoez/cgui/toppar/toppar_dum_noble_gases.str'
'/scratch/cingoez/1551399/toppar/toppar_all36_lipid_sphingo.str' -> '/work/cingoez/cgui/toppar/toppar_all36_lipid_sphingo.str'
'/scratch/cingoez/1551399/toppar/top_all36_prot.rtf' -> '/work/cingoez/cgui/toppar/top_all36_prot.rtf'
'/scratch/cingoez/1551399/toppar/toppar_all36_moreions.str' -> '/work/cingoez/cgui/toppar/toppar_all36_moreions.str'
'/scratch/cingoez/1551399/toppar/toppar_all36_prot_na_combined.str' -> '/work/cingoez/cgui/toppar/toppar_all36_prot_na_combined.str'
'/scratch/cingoez/1551399/toppar/par_all36m_prot.prm' -> '/work/cingoez/cgui/toppar/par_all36m_prot.prm'
'/scratch/cingoez/1551399/toppar.str' -> '/work/cingoez/cgui/toppar.str'
'/scratch/cingoez/1551399/water_tmp.crd' -> '/work/cingoez/cgui/water_tmp.crd'

 starting cleanup procedure!

'/scratch/cingoez/1551399/4pti.cif' -> '/work/cingoez/cgui/4pti.cif'
'/scratch/cingoez/1551399/4pti_proa.crd' -> '/work/cingoez/cgui/4pti_proa.crd'
'/scratch/cingoez/1551399/4pti_proa.pdb' -> '/work/cingoez/cgui/4pti_proa.pdb'
'/scratch/cingoez/1551399/4pti_wata.crd' -> '/work/cingoez/cgui/4pti_wata.crd'
'/scratch/cingoez/1551399/4pti_wata.pdb' -> '/work/cingoez/cgui/4pti_wata.pdb'
'/scratch/cingoez/1551399/addCrystPdb.py' -> '/work/cingoez/cgui/addCrystPdb.py'
'/scratch/cingoez/1551399/checkfft.py' -> '/work/cingoez/cgui/checkfft.py'
'/scratch/cingoez/1551399/checkfft.str' -> '/work/cingoez/cgui/checkfft.str'
'/scratch/cingoez/1551399/crystal_image.str' -> '/work/cingoez/cgui/crystal_image.str'
'/scratch/cingoez/1551399/glycan.yml' -> '/work/cingoez/cgui/glycan.yml'
'/scratch/cingoez/1551399/machines' -> '/work/cingoez/cgui/machines'
'/scratch/cingoez/1551399/machines2' -> '/work/cingoez/cgui/machines2'
'/scratch/cingoez/1551399/machines3' -> '/work/cingoez/cgui/machines3'
'/scratch/cingoez/1551399/opt1551399.err' -> '/work/cingoez/cgui/opt1551399.err'
'/scratch/cingoez/1551399/sahin_21052024.sh' -> '/work/cingoez/cgui/sahin_21052024.sh'
'/scratch/cingoez/1551399/step1_pdbreader.crd' -> '/work/cingoez/cgui/step1_pdbreader.crd'
'/scratch/cingoez/1551399/step1_pdbreader.inp' -> '/work/cingoez/cgui/step1_pdbreader.inp'
'/scratch/cingoez/1551399/step1_pdbreader.out' -> '/work/cingoez/cgui/step1_pdbreader.out'
'/scratch/cingoez/1551399/step1_pdbreader.pdb' -> '/work/cingoez/cgui/step1_pdbreader.pdb'
'/scratch/cingoez/1551399/step1_pdbreader.psf' -> '/work/cingoez/cgui/step1_pdbreader.psf'
'/scratch/cingoez/1551399/step1_pdbreader.str' -> '/work/cingoez/cgui/step1_pdbreader.str'
'/scratch/cingoez/1551399/step2.1_waterbox.crd' -> '/work/cingoez/cgui/step2.1_waterbox.crd'
'/scratch/cingoez/1551399/step2.1_waterbox.inp' -> '/work/cingoez/cgui/step2.1_waterbox.inp'
'/scratch/cingoez/1551399/step2.1_waterbox.out' -> '/work/cingoez/cgui/step2.1_waterbox.out'
'/scratch/cingoez/1551399/step2.1_waterbox.pdb' -> '/work/cingoez/cgui/step2.1_waterbox.pdb'
'/scratch/cingoez/1551399/step2.1_waterbox.prm' -> '/work/cingoez/cgui/step2.1_waterbox.prm'
'/scratch/cingoez/1551399/step2.1_waterbox.str' -> '/work/cingoez/cgui/step2.1_waterbox.str'
'/scratch/cingoez/1551399/step2_solvator.crd' -> '/work/cingoez/cgui/step2_solvator.crd'
'/scratch/cingoez/1551399/step2_solvator.inp' -> '/work/cingoez/cgui/step2_solvator.inp'
'/scratch/cingoez/1551399/step2_solvator.out' -> '/work/cingoez/cgui/step2_solvator.out'
'/scratch/cingoez/1551399/step2_solvator.pdb' -> '/work/cingoez/cgui/step2_solvator.pdb'
'/scratch/cingoez/1551399/step2_solvator.psf' -> '/work/cingoez/cgui/step2_solvator.psf'
'/scratch/cingoez/1551399/step2_solvator.str' -> '/work/cingoez/cgui/step2_solvator.str'
'/scratch/cingoez/1551399/step3_pbcsetup.crd' -> '/work/cingoez/cgui/step3_pbcsetup.crd'
'/scratch/cingoez/1551399/step3_pbcsetup.inp' -> '/work/cingoez/cgui/step3_pbcsetup.inp'
'/scratch/cingoez/1551399/step3_pbcsetup.oldpsf' -> '/work/cingoez/cgui/step3_pbcsetup.oldpsf'
'/scratch/cingoez/1551399/step3_pbcsetup.out' -> '/work/cingoez/cgui/step3_pbcsetup.out'
'/scratch/cingoez/1551399/step3_pbcsetup.pdb' -> '/work/cingoez/cgui/step3_pbcsetup.pdb'
'/scratch/cingoez/1551399/step3_pbcsetup.psf' -> '/work/cingoez/cgui/step3_pbcsetup.psf'
'/scratch/cingoez/1551399/step3_pbcsetup.str' -> '/work/cingoez/cgui/step3_pbcsetup.str'
'/scratch/cingoez/1551399/step4_equilibration.crd' -> '/work/cingoez/cgui/step4_equilibration.crd'
'/scratch/cingoez/1551399/step4_equilibration.inp' -> '/work/cingoez/cgui/step4_equilibration.inp'
'/scratch/cingoez/1551399/step4_equilibration.logfile' -> '/work/cingoez/cgui/step4_equilibration.logfile'
'/scratch/cingoez/1551399/step4_equilibration.pdb' -> '/work/cingoez/cgui/step4_equilibration.pdb'
'/scratch/cingoez/1551399/step4_equilibration.rst' -> '/work/cingoez/cgui/step4_equilibration.rst'
'/scratch/cingoez/1551399/step5_production.inp' -> '/work/cingoez/cgui/step5_production.inp'
'/scratch/cingoez/1551399/toppar/par_all36_lipid.prm' -> '/work/cingoez/cgui/toppar/par_all36_lipid.prm'
'/scratch/cingoez/1551399/toppar/toppar_all36_lipid_cardiolipin.str' -> '/work/cingoez/cgui/toppar/toppar_all36_lipid_cardiolipin.str'
'/scratch/cingoez/1551399/toppar/toppar_ions_won.str' -> '/work/cingoez/cgui/toppar/toppar_ions_won.str'
'/scratch/cingoez/1551399/toppar/toppar_all36_lipid_mycobacterial.str' -> '/work/cingoez/cgui/toppar/toppar_all36_lipid_mycobacterial.str'
'/scratch/cingoez/1551399/toppar/toppar_all36_label_spin.str' -> '/work/cingoez/cgui/toppar/toppar_all36_label_spin.str'
'/scratch/cingoez/1551399/toppar/par_all36_cgenff.prm' -> '/work/cingoez/cgui/toppar/par_all36_cgenff.prm'
'/scratch/cingoez/1551399/toppar/top_all36_lipid.rtf' -> '/work/cingoez/cgui/toppar/top_all36_lipid.rtf'
'/scratch/cingoez/1551399/toppar/toppar_all36_prot_retinol.str' -> '/work/cingoez/cgui/toppar/toppar_all36_prot_retinol.str'
'/scratch/cingoez/1551399/toppar/toppar_all36_lipid_dag.str' -> '/work/cingoez/cgui/toppar/toppar_all36_lipid_dag.str'
'/scratch/cingoez/1551399/toppar/toppar_all36_carb_imlab.str' -> '/work/cingoez/cgui/toppar/toppar_all36_carb_imlab.str'
'/scratch/cingoez/1551399/toppar/toppar_all36_prot_c36m_d_aminoacids.str' -> '/work/cingoez/cgui/toppar/toppar_all36_prot_c36m_d_aminoacids.str'
'/scratch/cingoez/1551399/toppar/top_all36_na.rtf' -> '/work/cingoez/cgui/toppar/top_all36_na.rtf'
'/scratch/cingoez/1551399/toppar/toppar_all36_prot_model.str' -> '/work/cingoez/cgui/toppar/toppar_all36_prot_model.str'
'/scratch/cingoez/1551399/toppar/toppar_all36_lipid_lnp.str' -> '/work/cingoez/cgui/toppar/toppar_all36_lipid_lnp.str'
'/scratch/cingoez/1551399/toppar/toppar_all36_lipid_ether.str' -> '/work/cingoez/cgui/toppar/toppar_all36_lipid_ether.str'
'/scratch/cingoez/1551399/toppar/cam.str' -> '/work/cingoez/cgui/toppar/cam.str'
'/scratch/cingoez/1551399/toppar/toppar_all36_nano_lig.str' -> '/work/cingoez/cgui/toppar/toppar_all36_nano_lig.str'
'/scratch/cingoez/1551399/toppar/toppar_all36_lipid_lps.str' -> '/work/cingoez/cgui/toppar/toppar_all36_lipid_lps.str'
'/scratch/cingoez/1551399/toppar/toppar_water_ions.str' -> '/work/cingoez/cgui/toppar/toppar_water_ions.str'
'/scratch/cingoez/1551399/toppar/toppar_all36_lipid_cholesterol.str' -> '/work/cingoez/cgui/toppar/toppar_all36_lipid_cholesterol.str'
'/scratch/cingoez/1551399/toppar/tip216.crd' -> '/work/cingoez/cgui/toppar/tip216.crd'
'/scratch/cingoez/1551399/toppar/toppar_all36_carb_glycolipid.str' -> '/work/cingoez/cgui/toppar/toppar_all36_carb_glycolipid.str'
'/scratch/cingoez/1551399/toppar/toppar_all36_polymer_solvent.str' -> '/work/cingoez/cgui/toppar/toppar_all36_polymer_solvent.str'
'/scratch/cingoez/1551399/toppar/toppar_all36_lipid_miscellaneous.str' -> '/work/cingoez/cgui/toppar/toppar_all36_lipid_miscellaneous.str'
'/scratch/cingoez/1551399/toppar/toppar_all36_lipid_detergent.str' -> '/work/cingoez/cgui/toppar/toppar_all36_lipid_detergent.str'
'/scratch/cingoez/1551399/toppar/toppar_all36_lipid_yeast.str' -> '/work/cingoez/cgui/toppar/toppar_all36_lipid_yeast.str'
'/scratch/cingoez/1551399/toppar/toppar_all36_lipid_oxidized.str' -> '/work/cingoez/cgui/toppar/toppar_all36_lipid_oxidized.str'
'/scratch/cingoez/1551399/toppar/toppar_all36_lipid_model.str' -> '/work/cingoez/cgui/toppar/toppar_all36_lipid_model.str'
'/scratch/cingoez/1551399/toppar/toppar_all36_lipid_inositol.str' -> '/work/cingoez/cgui/toppar/toppar_all36_lipid_inositol.str'
'/scratch/cingoez/1551399/toppar/par_all36_na.prm' -> '/work/cingoez/cgui/toppar/par_all36_na.prm'
'/scratch/cingoez/1551399/toppar/toppar_all36_nano_lig_patch.str' -> '/work/cingoez/cgui/toppar/toppar_all36_nano_lig_patch.str'
'/scratch/cingoez/1551399/toppar/toppar_all36_prot_arg0.str' -> '/work/cingoez/cgui/toppar/toppar_all36_prot_arg0.str'
'/scratch/cingoez/1551399/toppar/top_all36_carb.rtf' -> '/work/cingoez/cgui/toppar/top_all36_carb.rtf'
'/scratch/cingoez/1551399/toppar/toppar_all36_lipid_hmmm.str' -> '/work/cingoez/cgui/toppar/toppar_all36_lipid_hmmm.str'
'/scratch/cingoez/1551399/toppar/toppar_all36_prot_heme.str' -> '/work/cingoez/cgui/toppar/toppar_all36_prot_heme.str'
'/scratch/cingoez/1551399/toppar/toppar_all36_prot_fluoro_alkanes.str' -> '/work/cingoez/cgui/toppar/toppar_all36_prot_fluoro_alkanes.str'
'/scratch/cingoez/1551399/toppar/toppar_all36_lipid_bacterial.str' -> '/work/cingoez/cgui/toppar/toppar_all36_lipid_bacterial.str'
'/scratch/cingoez/1551399/toppar/toppar_all36_lipid_prot.str' -> '/work/cingoez/cgui/toppar/toppar_all36_lipid_prot.str'
'/scratch/cingoez/1551399/toppar/par_all36_carb.prm' -> '/work/cingoez/cgui/toppar/par_all36_carb.prm'
'/scratch/cingoez/1551399/toppar/toppar_all36_prot_modify_res.str' -> '/work/cingoez/cgui/toppar/toppar_all36_prot_modify_res.str'
'/scratch/cingoez/1551399/toppar/par_interface.prm' -> '/work/cingoez/cgui/toppar/par_interface.prm'
'/scratch/cingoez/1551399/toppar/toppar_all36_synthetic_polymer_patch.str' -> '/work/cingoez/cgui/toppar/toppar_all36_synthetic_polymer_patch.str'
'/scratch/cingoez/1551399/toppar/toppar_all36_na_nad_ppi.str' -> '/work/cingoez/cgui/toppar/toppar_all36_na_nad_ppi.str'
'/scratch/cingoez/1551399/toppar/toppar_all36_synthetic_polymer.str' -> '/work/cingoez/cgui/toppar/toppar_all36_synthetic_polymer.str'
'/scratch/cingoez/1551399/toppar/toppar_all36_na_rna_modified.str' -> '/work/cingoez/cgui/toppar/toppar_all36_na_rna_modified.str'
'/scratch/cingoez/1551399/toppar/toppar_all36_lipid_archaeal.str' -> '/work/cingoez/cgui/toppar/toppar_all36_lipid_archaeal.str'
'/scratch/cingoez/1551399/toppar/toppar_all36_lipid_tag.str' -> '/work/cingoez/cgui/toppar/toppar_all36_lipid_tag.str'
'/scratch/cingoez/1551399/toppar/top_interface.rtf' -> '/work/cingoez/cgui/toppar/top_interface.rtf'
'/scratch/cingoez/1551399/toppar/top_all36_cgenff.rtf' -> '/work/cingoez/cgui/toppar/top_all36_cgenff.rtf'
'/scratch/cingoez/1551399/toppar/toppar_all36_carb_glycopeptide.str' -> '/work/cingoez/cgui/toppar/toppar_all36_carb_glycopeptide.str'
'/scratch/cingoez/1551399/toppar/toppar_all36_label_fluorophore.str' -> '/work/cingoez/cgui/toppar/toppar_all36_label_fluorophore.str'
'/scratch/cingoez/1551399/toppar/toppar_dum_noble_gases.str' -> '/work/cingoez/cgui/toppar/toppar_dum_noble_gases.str'
'/scratch/cingoez/1551399/toppar/toppar_all36_lipid_sphingo.str' -> '/work/cingoez/cgui/toppar/toppar_all36_lipid_sphingo.str'
'/scratch/cingoez/1551399/toppar/top_all36_prot.rtf' -> '/work/cingoez/cgui/toppar/top_all36_prot.rtf'
'/scratch/cingoez/1551399/toppar/toppar_all36_moreions.str' -> '/work/cingoez/cgui/toppar/toppar_all36_moreions.str'
'/scratch/cingoez/1551399/toppar/toppar_all36_prot_na_combined.str' -> '/work/cingoez/cgui/toppar/toppar_all36_prot_na_combined.str'
'/scratch/cingoez/1551399/toppar/par_all36m_prot.prm' -> '/work/cingoez/cgui/toppar/par_all36m_prot.prm'
'/scratch/cingoez/1551399/toppar.str' -> '/work/cingoez/cgui/toppar.str'
'/scratch/cingoez/1551399/water_tmp.crd' -> '/work/cingoez/cgui/water_tmp.crd'
