Charm++: standalone mode (not using charmrun)
Charm++> Running in Multicore mode: 8 threads (PEs)
Charm++> Using recursive bisection (scheme 3) for topology aware partitions
Converse/Charm++ Commit ID: v6.10.2-0-g7bf00fa-namd-charm-6.10.2-build-2020-Aug-05-556
Charm++> Synchronizing isomalloc memory region...
Charm++> Consolidated Isomalloc memory region: 0x440000000 - 0x70fe00000000 (118463488 MB).
CharmLB> Load balancer assumes all CPUs are same.
Charm++> Running on 1 hosts (1 sockets x 16 cores x 2 PUs = 32-way SMP)
Charm++> cpu topology info is gathered in 0.000 seconds.
Info: Built with CUDA version 10010
Pe 2 physical rank 2 will use CUDA device of pe 4
Pe 0 physical rank 0 will use CUDA device of pe 4
Pe 7 physical rank 7 will use CUDA device of pe 4
Pe 1 physical rank 1 will use CUDA device of pe 4
Pe 3 physical rank 3 will use CUDA device of pe 4
Pe 6 physical rank 6 will use CUDA device of pe 4
Pe 5 physical rank 5 will use CUDA device of pe 4
Pe 4 physical rank 4 binding to CUDA device 0 on cuda6: 'NVIDIA GeForce RTX 3080 Ti'  Mem: 12045MB  Rev: 8.6  PCI: 0:6:0
Info: NAMD 2.14 for Linux-x86_64-multicore-CUDA
Info: 
Info: Please visit http://www.ks.uiuc.edu/Research/namd/
Info: for updates, documentation, and support information.
Info: 
Info: Please cite Phillips et al., J. Chem. Phys. 153:044130 (2020) doi:10.1063/5.0014475
Info: in all publications reporting results obtained with NAMD.
Info: 
Info: Based on Charm++/Converse 61002 for multicore-linux-x86_64-iccstatic
Info: Built Wed Aug 5 13:34:10 CDT 2020 by jim on belfast.ks.uiuc.edu
Info: 1 NAMD  2.14  Linux-x86_64-multicore-CUDA  8    cuda6  pbuser
Info: Running on 8 processors, 1 nodes, 1 physical nodes.
Info: CPU topology information available.
Info: Charm++/Converse parallel runtime startup completed at 2.45488 s
CkLoopLib is used in SMP with simple dynamic scheduling (converse-level notification)
Info: 541.523 MB of memory in use based on /proc/self/stat
Info: Configuration file is step4_equilibration.inp
FATAL ERROR: Unable to access config file step4_equilibration.inp
[Partition 0][Node 0] End of program
