xxxxxxxxxxxxx DvS debug xxxxxxxxxxxxx
Path is:       /homes/chemie/cingoez/.local/bin:/homes/chemie/cingoez/bin:/afs/math/software/openmpi/gcc/openmpi-2.1.1/bin:/afs/math/software/pgi/19.7/linux86-64-llvm/19.7/bin:/afs/math/software/intel/Composer_XE/2020.1.217/compilers_and_libraries_2020.1.217/linux/bin/intel64:/afs/math/software/intel/Composer_XE/2020.1.217/compilers_and_libraries_2020.1.217/linux/bin:/afs/math/software/intel/Composer_XE/2020.1.217/compilers_and_libraries_2020.1.217/linux/mpi/intel64/libfabric/bin:/afs/math/software/intel/Composer_XE/2020.1.217/compilers_and_libraries_2020.1.217/linux/mpi/intel64/bin:/afs/math/software/intel/Composer_XE/2020.1.217/debugger_2020/gdb/intel64/bin:/usr/share/Modules/bin:/usr/condabin:/usr/local/bin:/usr/bin:/usr/local/sbin:/usr/sbin
LdPath is:     /afs/math/software/openmpi/gcc/openmpi-2.1.1/lib64:/afs/math/software/pgi/19.7/linux86-64-llvm/19.7/lib:/afs/math/software/pgi/19.7/linux86-64-llvm/19.7/libso:/afs/math/software/intel/Composer_XE/2020.1.217/compilers_and_libraries_2020.1.217/linux/mpi/intel64/libfabric/lib:/afs/math/software/intel/Composer_XE/2020.1.217/compilers_and_libraries_2020.1.217/linux/mpi/intel64/lib/release:/afs/math/software/intel/Composer_XE/2020.1.217/compilers_and_libraries_2020.1.217/linux/mpi/intel64/lib:/afs/math/software/intel/Composer_XE/2020.1.217/compilers_and_libraries_2020.1.217/linux/ipp/lib/intel64:/afs/math/software/intel/Composer_XE/2020.1.217/compilers_and_libraries_2020.1.217/linux/compiler/lib/intel64_lin:/afs/math/software/intel/Composer_XE/2020.1.217/compilers_and_libraries_2020.1.217/linux/mkl/lib/intel64_lin:/afs/math/software/intel/Composer_XE/2020.1.217/compilers_and_libraries_2020.1.217/linux/tbb/lib/intel64/gcc4.8:/afs/math/software/intel/Composer_XE/2020.1.217/debugger_2020/python/intel64/lib:/afs/math/software/intel/Composer_XE/2020.1.217/debugger_2020/libipt/intel64/lib:/afs/math/software/intel/Composer_XE/2020.1.217/compilers_and_libraries_2020.1.217/linux/daal/lib/intel64_lin:/afs/math/software/intel/Composer_XE/2020.1.217/compilers_and_libraries_2020.1.217/linux/daal/../tbb/lib/intel64_lin/gcc4.4:/afs/math/software/intel/Composer_XE/2020.1.217/compilers_and_libraries_2020.1.217/linux/daal/../tbb/lib/intel64_lin/gcc4.8
tempDIR is:    /scratch/cingoez/2183804
JobworkDIR is: /work/cingoez/1Eru
JobDIR is:     /work/cingoez/1Eru
ScratchDIR is: /scratch/cingoez/2183804
Master:        node906
Slots:         1
xxxxxxxxxxxxx DvS debug xxxxxxxxxxxxx

 copy all except 1Eru_01082024.out file to /scratch/cingoez/2183804! 

'/work/cingoez/1Eru/1Eru_01082024.sh' -> '/scratch/cingoez/2183804/1Eru_01082024.sh'
'/work/cingoez/1Eru/1Eru_23072024.out' -> '/scratch/cingoez/2183804/1Eru_23072024.out'
'/work/cingoez/1Eru/1Eru_23072024.sh' -> '/scratch/cingoez/2183804/1Eru_23072024.sh'
'/work/cingoez/1Eru/1eru.cif' -> '/scratch/cingoez/2183804/1eru.cif'
'/work/cingoez/1Eru/1eru_proa.crd' -> '/scratch/cingoez/2183804/1eru_proa.crd'
'/work/cingoez/1Eru/1eru_proa.pdb' -> '/scratch/cingoez/2183804/1eru_proa.pdb'
'/work/cingoez/1Eru/4PTI_25072024.out' -> '/scratch/cingoez/2183804/4PTI_25072024.out'
'/work/cingoez/1Eru/4PTI_25072024.sh' -> '/scratch/cingoez/2183804/4PTI_25072024.sh'
'/work/cingoez/1Eru/addCrystPdb.py' -> '/scratch/cingoez/2183804/addCrystPdb.py'
'/work/cingoez/1Eru/checkfft.py' -> '/scratch/cingoez/2183804/checkfft.py'
'/work/cingoez/1Eru/checkfft.str' -> '/scratch/cingoez/2183804/checkfft.str'
'/work/cingoez/1Eru/crystal_image.str' -> '/scratch/cingoez/2183804/crystal_image.str'
'/work/cingoez/1Eru/glycan.yml' -> '/scratch/cingoez/2183804/glycan.yml'
'/work/cingoez/1Eru/machines' -> '/scratch/cingoez/2183804/machines'
'/work/cingoez/1Eru/machines2' -> '/scratch/cingoez/2183804/machines2'
'/work/cingoez/1Eru/machines3' -> '/scratch/cingoez/2183804/machines3'
'/work/cingoez/1Eru/opt1157642.err' -> '/scratch/cingoez/2183804/opt1157642.err'
'/work/cingoez/1Eru/opt1181635.err' -> '/scratch/cingoez/2183804/opt1181635.err'
'/work/cingoez/1Eru/opt1530525.err' -> '/scratch/cingoez/2183804/opt1530525.err'
'/work/cingoez/1Eru/opt1748912.err' -> '/scratch/cingoez/2183804/opt1748912.err'
'/work/cingoez/1Eru/opt1963840.err' -> '/scratch/cingoez/2183804/opt1963840.err'
'/work/cingoez/1Eru/opt2008079.err' -> '/scratch/cingoez/2183804/opt2008079.err'
'/work/cingoez/1Eru/opt2183804.err' -> '/scratch/cingoez/2183804/opt2183804.err'
'/work/cingoez/1Eru/opt2283.err' -> '/scratch/cingoez/2183804/opt2283.err'
'/work/cingoez/1Eru/:Q_03072024.sh' -> '/scratch/cingoez/2183804/:Q_03072024.sh'
'/work/cingoez/1Eru/step1_pdbreader.crd' -> '/scratch/cingoez/2183804/step1_pdbreader.crd'
'/work/cingoez/1Eru/step1_pdbreader.inp' -> '/scratch/cingoez/2183804/step1_pdbreader.inp'
'/work/cingoez/1Eru/step1_pdbreader.out' -> '/scratch/cingoez/2183804/step1_pdbreader.out'
'/work/cingoez/1Eru/step1_pdbreader.pdb' -> '/scratch/cingoez/2183804/step1_pdbreader.pdb'
'/work/cingoez/1Eru/step1_pdbreader.psf' -> '/scratch/cingoez/2183804/step1_pdbreader.psf'
'/work/cingoez/1Eru/step1_pdbreader.str' -> '/scratch/cingoez/2183804/step1_pdbreader.str'
'/work/cingoez/1Eru/step2.1_waterbox.crd' -> '/scratch/cingoez/2183804/step2.1_waterbox.crd'
'/work/cingoez/1Eru/step2.1_waterbox.inp' -> '/scratch/cingoez/2183804/step2.1_waterbox.inp'
'/work/cingoez/1Eru/step2.1_waterbox.out' -> '/scratch/cingoez/2183804/step2.1_waterbox.out'
'/work/cingoez/1Eru/step2.1_waterbox.pdb' -> '/scratch/cingoez/2183804/step2.1_waterbox.pdb'
'/work/cingoez/1Eru/step2.1_waterbox.prm' -> '/scratch/cingoez/2183804/step2.1_waterbox.prm'
'/work/cingoez/1Eru/step2.1_waterbox.str' -> '/scratch/cingoez/2183804/step2.1_waterbox.str'
'/work/cingoez/1Eru/step2_solvator.crd' -> '/scratch/cingoez/2183804/step2_solvator.crd'
'/work/cingoez/1Eru/step2_solvator.inp' -> '/scratch/cingoez/2183804/step2_solvator.inp'
'/work/cingoez/1Eru/step2_solvator.out' -> '/scratch/cingoez/2183804/step2_solvator.out'
'/work/cingoez/1Eru/step2_solvator.pdb' -> '/scratch/cingoez/2183804/step2_solvator.pdb'
'/work/cingoez/1Eru/step2_solvator.psf' -> '/scratch/cingoez/2183804/step2_solvator.psf'
'/work/cingoez/1Eru/step2_solvator.str' -> '/scratch/cingoez/2183804/step2_solvator.str'
'/work/cingoez/1Eru/step3_pbcsetup.crd' -> '/scratch/cingoez/2183804/step3_pbcsetup.crd'
'/work/cingoez/1Eru/step3_pbcsetup.inp' -> '/scratch/cingoez/2183804/step3_pbcsetup.inp'
'/work/cingoez/1Eru/step3_pbcsetup.oldpsf' -> '/scratch/cingoez/2183804/step3_pbcsetup.oldpsf'
'/work/cingoez/1Eru/step3_pbcsetup.out' -> '/scratch/cingoez/2183804/step3_pbcsetup.out'
'/work/cingoez/1Eru/step3_pbcsetup.pdb' -> '/scratch/cingoez/2183804/step3_pbcsetup.pdb'
'/work/cingoez/1Eru/step3_pbcsetup.psf' -> '/scratch/cingoez/2183804/step3_pbcsetup.psf'
'/work/cingoez/1Eru/step3_pbcsetup.str' -> '/scratch/cingoez/2183804/step3_pbcsetup.str'
'/work/cingoez/1Eru/step4_equilibration.crd' -> '/scratch/cingoez/2183804/step4_equilibration.crd'
'/work/cingoez/1Eru/step4_equilibration.inp' -> '/scratch/cingoez/2183804/step4_equilibration.inp'
'/work/cingoez/1Eru/step4_equilibration.logfile' -> '/scratch/cingoez/2183804/step4_equilibration.logfile'
'/work/cingoez/1Eru/step4_equilibration.pdb' -> '/scratch/cingoez/2183804/step4_equilibration.pdb'
'/work/cingoez/1Eru/step4_equilibration.rst' -> '/scratch/cingoez/2183804/step4_equilibration.rst'
'/work/cingoez/1Eru/step5_1.crd' -> '/scratch/cingoez/2183804/step5_1.crd'
'/work/cingoez/1Eru/step5_1.pdb' -> '/scratch/cingoez/2183804/step5_1.pdb'
'/work/cingoez/1Eru/step5_1.rst' -> '/scratch/cingoez/2183804/step5_1.rst'
'/work/cingoez/1Eru/step5_production.inp' -> '/scratch/cingoez/2183804/step5_production.inp'
'/work/cingoez/1Eru/toppar' -> '/scratch/cingoez/2183804/toppar'
'/work/cingoez/1Eru/toppar/par_all36_na.prm' -> '/scratch/cingoez/2183804/toppar/par_all36_na.prm'
'/work/cingoez/1Eru/toppar/toppar_all36_lipid_ether.str' -> '/scratch/cingoez/2183804/toppar/toppar_all36_lipid_ether.str'
'/work/cingoez/1Eru/toppar/toppar_all36_lipid_mycobacterial.str' -> '/scratch/cingoez/2183804/toppar/toppar_all36_lipid_mycobacterial.str'
'/work/cingoez/1Eru/toppar/toppar_all36_lipid_hmmm.str' -> '/scratch/cingoez/2183804/toppar/toppar_all36_lipid_hmmm.str'
'/work/cingoez/1Eru/toppar/toppar_all36_lipid_miscellaneous.str' -> '/scratch/cingoez/2183804/toppar/toppar_all36_lipid_miscellaneous.str'
'/work/cingoez/1Eru/toppar/par_all36_cgenff.prm' -> '/scratch/cingoez/2183804/toppar/par_all36_cgenff.prm'
'/work/cingoez/1Eru/toppar/toppar_all36_prot_retinol.str' -> '/scratch/cingoez/2183804/toppar/toppar_all36_prot_retinol.str'
'/work/cingoez/1Eru/toppar/toppar_all36_carb_glycopeptide.str' -> '/scratch/cingoez/2183804/toppar/toppar_all36_carb_glycopeptide.str'
'/work/cingoez/1Eru/toppar/par_all36m_prot.prm' -> '/scratch/cingoez/2183804/toppar/par_all36m_prot.prm'
'/work/cingoez/1Eru/toppar/toppar_all36_nano_lig.str' -> '/scratch/cingoez/2183804/toppar/toppar_all36_nano_lig.str'
'/work/cingoez/1Eru/toppar/toppar_all36_lipid_lps.str' -> '/scratch/cingoez/2183804/toppar/toppar_all36_lipid_lps.str'
'/work/cingoez/1Eru/toppar/toppar_all36_lipid_model.str' -> '/scratch/cingoez/2183804/toppar/toppar_all36_lipid_model.str'
'/work/cingoez/1Eru/toppar/toppar_all36_lipid_prot.str' -> '/scratch/cingoez/2183804/toppar/toppar_all36_lipid_prot.str'
'/work/cingoez/1Eru/toppar/toppar_all36_lipid_lnp.str' -> '/scratch/cingoez/2183804/toppar/toppar_all36_lipid_lnp.str'
'/work/cingoez/1Eru/toppar/top_all36_cgenff.rtf' -> '/scratch/cingoez/2183804/toppar/top_all36_cgenff.rtf'
'/work/cingoez/1Eru/toppar/toppar_all36_lipid_cardiolipin.str' -> '/scratch/cingoez/2183804/toppar/toppar_all36_lipid_cardiolipin.str'
'/work/cingoez/1Eru/toppar/toppar_all36_carb_glycolipid.str' -> '/scratch/cingoez/2183804/toppar/toppar_all36_carb_glycolipid.str'
'/work/cingoez/1Eru/toppar/toppar_all36_lipid_dag.str' -> '/scratch/cingoez/2183804/toppar/toppar_all36_lipid_dag.str'
'/work/cingoez/1Eru/toppar/toppar_all36_prot_modify_res.str' -> '/scratch/cingoez/2183804/toppar/toppar_all36_prot_modify_res.str'
'/work/cingoez/1Eru/toppar/toppar_all36_nano_lig_patch.str' -> '/scratch/cingoez/2183804/toppar/toppar_all36_nano_lig_patch.str'
'/work/cingoez/1Eru/toppar/toppar_all36_prot_fluoro_alkanes.str' -> '/scratch/cingoez/2183804/toppar/toppar_all36_prot_fluoro_alkanes.str'
'/work/cingoez/1Eru/toppar/toppar_all36_carb_imlab.str' -> '/scratch/cingoez/2183804/toppar/toppar_all36_carb_imlab.str'
'/work/cingoez/1Eru/toppar/top_all36_prot.rtf' -> '/scratch/cingoez/2183804/toppar/top_all36_prot.rtf'
'/work/cingoez/1Eru/toppar/toppar_all36_lipid_bacterial.str' -> '/scratch/cingoez/2183804/toppar/toppar_all36_lipid_bacterial.str'
'/work/cingoez/1Eru/toppar/toppar_all36_lipid_sphingo.str' -> '/scratch/cingoez/2183804/toppar/toppar_all36_lipid_sphingo.str'
'/work/cingoez/1Eru/toppar/toppar_all36_na_nad_ppi.str' -> '/scratch/cingoez/2183804/toppar/toppar_all36_na_nad_ppi.str'
'/work/cingoez/1Eru/toppar/toppar_all36_prot_heme.str' -> '/scratch/cingoez/2183804/toppar/toppar_all36_prot_heme.str'
'/work/cingoez/1Eru/toppar/toppar_all36_lipid_tag.str' -> '/scratch/cingoez/2183804/toppar/toppar_all36_lipid_tag.str'
'/work/cingoez/1Eru/toppar/toppar_dum_noble_gases.str' -> '/scratch/cingoez/2183804/toppar/toppar_dum_noble_gases.str'
'/work/cingoez/1Eru/toppar/toppar_all36_lipid_cholesterol.str' -> '/scratch/cingoez/2183804/toppar/toppar_all36_lipid_cholesterol.str'
'/work/cingoez/1Eru/toppar/toppar_ions_won.str' -> '/scratch/cingoez/2183804/toppar/toppar_ions_won.str'
'/work/cingoez/1Eru/toppar/toppar_all36_prot_model.str' -> '/scratch/cingoez/2183804/toppar/toppar_all36_prot_model.str'
'/work/cingoez/1Eru/toppar/toppar_all36_synthetic_polymer_patch.str' -> '/scratch/cingoez/2183804/toppar/toppar_all36_synthetic_polymer_patch.str'
'/work/cingoez/1Eru/toppar/top_all36_lipid.rtf' -> '/scratch/cingoez/2183804/toppar/top_all36_lipid.rtf'
'/work/cingoez/1Eru/toppar/toppar_all36_polymer_solvent.str' -> '/scratch/cingoez/2183804/toppar/toppar_all36_polymer_solvent.str'
'/work/cingoez/1Eru/toppar/toppar_all36_lipid_inositol.str' -> '/scratch/cingoez/2183804/toppar/toppar_all36_lipid_inositol.str'
'/work/cingoez/1Eru/toppar/toppar_all36_lipid_archaeal.str' -> '/scratch/cingoez/2183804/toppar/toppar_all36_lipid_archaeal.str'
'/work/cingoez/1Eru/toppar/tip216.crd' -> '/scratch/cingoez/2183804/toppar/tip216.crd'
'/work/cingoez/1Eru/toppar/toppar_all36_prot_arg0.str' -> '/scratch/cingoez/2183804/toppar/toppar_all36_prot_arg0.str'
'/work/cingoez/1Eru/toppar/toppar_all36_lipid_yeast.str' -> '/scratch/cingoez/2183804/toppar/toppar_all36_lipid_yeast.str'
'/work/cingoez/1Eru/toppar/toppar_water_ions.str' -> '/scratch/cingoez/2183804/toppar/toppar_water_ions.str'
'/work/cingoez/1Eru/toppar/toppar_all36_lipid_detergent.str' -> '/scratch/cingoez/2183804/toppar/toppar_all36_lipid_detergent.str'
'/work/cingoez/1Eru/toppar/top_all36_carb.rtf' -> '/scratch/cingoez/2183804/toppar/top_all36_carb.rtf'
'/work/cingoez/1Eru/toppar/par_all36_lipid.prm' -> '/scratch/cingoez/2183804/toppar/par_all36_lipid.prm'
'/work/cingoez/1Eru/toppar/toppar_all36_synthetic_polymer.str' -> '/scratch/cingoez/2183804/toppar/toppar_all36_synthetic_polymer.str'
'/work/cingoez/1Eru/toppar/toppar_all36_prot_c36m_d_aminoacids.str' -> '/scratch/cingoez/2183804/toppar/toppar_all36_prot_c36m_d_aminoacids.str'
'/work/cingoez/1Eru/toppar/top_all36_na.rtf' -> '/scratch/cingoez/2183804/toppar/top_all36_na.rtf'
'/work/cingoez/1Eru/toppar/par_interface.prm' -> '/scratch/cingoez/2183804/toppar/par_interface.prm'
'/work/cingoez/1Eru/toppar/toppar_all36_lipid_oxidized.str' -> '/scratch/cingoez/2183804/toppar/toppar_all36_lipid_oxidized.str'
'/work/cingoez/1Eru/toppar/toppar_all36_prot_na_combined.str' -> '/scratch/cingoez/2183804/toppar/toppar_all36_prot_na_combined.str'
'/work/cingoez/1Eru/toppar/toppar_all36_label_spin.str' -> '/scratch/cingoez/2183804/toppar/toppar_all36_label_spin.str'
'/work/cingoez/1Eru/toppar/top_interface.rtf' -> '/scratch/cingoez/2183804/toppar/top_interface.rtf'
'/work/cingoez/1Eru/toppar/cam.str' -> '/scratch/cingoez/2183804/toppar/cam.str'
'/work/cingoez/1Eru/toppar/toppar_all36_label_fluorophore.str' -> '/scratch/cingoez/2183804/toppar/toppar_all36_label_fluorophore.str'
'/work/cingoez/1Eru/toppar/par_all36_carb.prm' -> '/scratch/cingoez/2183804/toppar/par_all36_carb.prm'
'/work/cingoez/1Eru/toppar/toppar_all36_moreions.str' -> '/scratch/cingoez/2183804/toppar/toppar_all36_moreions.str'
'/work/cingoez/1Eru/toppar/toppar_all36_na_rna_modified.str' -> '/scratch/cingoez/2183804/toppar/toppar_all36_na_rna_modified.str'
'/work/cingoez/1Eru/toppar.str' -> '/scratch/cingoez/2183804/toppar.str'
'/work/cingoez/1Eru/water_tmp.crd' -> '/scratch/cingoez/2183804/water_tmp.crd'
